1860202057384464850 2024-11-23T00:01:46-06:00
1860201808616128598 2024-11-23T00:00:46-06:00
1860203986978283698 2024-11-23T00:09:26-06:00
1860203305470951568 2024-11-23T00:06:43-06:00
1860203226739687730 2024-11-23T00:06:24-06:00
1860202995776127334 2024-11-23T00:05:29-06:00
1860202873218564568 2024-11-23T00:05:00-06:00
1860202741248983163 2024-11-23T00:04:29-06:00
1860202643773395117 2024-11-23T00:04:05-06:00
1860202447186330052 2024-11-23T00:03:18-06:00
1860205501847593165 2024-11-23T00:15:27-06:00
1860205232309125540 2024-11-23T00:14:22-06:00
1860206694045008182 2024-11-23T00:20:11-06:00
1860208831835570400 2024-11-23T00:28:41-06:00
1860208112755703971 2024-11-23T00:25:49-06:00
1860208047865626644 2024-11-23T00:25:34-06:00
1860207880743583975 2024-11-23T00:24:54-06:00
1860210985279324213 2024-11-23T00:37:14-06:00
1860210546345419261 2024-11-23T00:35:29-06:00
1860212805439488130 2024-11-23T00:44:28-06:00
1860212606851776683 2024-11-23T00:43:41-06:00
1860212268388221214 2024-11-23T00:42:20-06:00
1860212026645316023 2024-11-23T00:41:22-06:00
1860211562977611903 2024-11-23T00:39:32-06:00
1860211218079973535 2024-11-23T00:38:10-06:00
1860211208164716790 2024-11-23T00:38:07-06:00
1860211102115856465 2024-11-23T00:37:42-06:00
1860214630100140505 2024-11-23T00:51:43-06:00
1860214335488033017 2024-11-23T00:50:33-06:00
1860214730461413722 2024-11-23T00:52:07-06:00
1860323173570396186 2024-11-23T08:03:02-06:00
1860322925783445956 2024-11-23T08:02:03-06:00
1860392534393938014 2024-11-23T12:38:39-06:00
1860401824701850033 2024-11-23T13:15:34-06:00
1860404387509596521 2024-11-23T13:25:45-06:00
1860407786208633178 2024-11-23T13:39:15-06:00
1860407474618089493 2024-11-23T13:38:01-06:00
1860407898427289610 2024-11-23T13:39:42-06:00
1860421957323239724 2024-11-23T14:35:34-06:00
1860420683777380580 2024-11-23T14:30:30-06:00
1860420527870910635 2024-11-23T14:29:53-06:00
1860423579587752386 2024-11-23T14:42:01-06:00
1860422646187409681 2024-11-23T14:38:18-06:00
1860425240775405973 2024-11-23T14:48:37-06:00
1860425033450975678 2024-11-23T14:47:47-06:00
1860424790873371044 2024-11-23T14:46:49-06:00
1860426604859543968 2024-11-23T14:54:02-06:00
1860426466959257914 2024-11-23T14:53:29-06:00
1860426106014257541 2024-11-23T14:52:03-06:00
1860425717969735985 2024-11-23T14:50:30-06:00
1860428960099615217 2024-11-23T15:03:23-06:00
1860428862837989713 2024-11-23T15:03:00-06:00
1860428575016419392 2024-11-23T15:01:52-06:00
1860427643113419046 2024-11-23T14:58:09-06:00
1860427521751228434 2024-11-23T14:57:40-06:00
1860430675351851484 2024-11-23T15:10:12-06:00
1860430424935121099 2024-11-23T15:09:13-06:00
1860429872679604622 2024-11-23T15:07:01-06:00
1860429743251734999 2024-11-23T15:06:30-06:00
1860429508752412893 2024-11-23T15:05:34-06:00
1860429472886931628 2024-11-23T15:05:26-06:00
1860429284445159546 2024-11-23T15:04:41-06:00
1860429129394315480 2024-11-23T15:04:04-06:00
1860437472867414032 2024-11-23T15:37:13-06:00
1860437346216215030 2024-11-23T15:36:43-06:00
1860436902219768303 2024-11-23T15:34:57-06:00
1860436541266436431 2024-11-23T15:33:31-06:00
1860437902531981551 2024-11-23T15:38:55-06:00
1860442065819074868 2024-11-23T15:55:28-06:00
1860443920892600504 2024-11-23T16:02:50-06:00
1860443735625974188 2024-11-23T16:02:06-06:00
1860445358372868509 2024-11-23T16:08:33-06:00
1860445032659964356 2024-11-23T16:07:15-06:00
1860453358890254666 2024-11-23T16:40:20-06:00
1860453130552361331 2024-11-23T16:39:26-06:00
1860452719334424596 2024-11-23T16:37:48-06:00
1860454782705516544 2024-11-23T16:46:00-06:00
1860454656796729392 2024-11-23T16:45:30-06:00
1860454490479947994 2024-11-23T16:44:50-06:00
1860454223684472908 2024-11-23T16:43:47-06:00
1860454050816225740 2024-11-23T16:43:05-06:00
1860454020357193828 2024-11-23T16:42:58-06:00
1860457082488533171 2024-11-23T16:55:08-06:00
1860456984014643254 2024-11-23T16:54:45-06:00
1860456684084158883 2024-11-23T16:53:33-06:00
1860455595310043596 2024-11-23T16:49:14-06:00
1860458846138912873 2024-11-23T17:02:09-06:00
1860458603221508167 2024-11-23T17:01:11-06:00
1860458558883566039 2024-11-23T17:01:00-06:00
1860458140430406055 2024-11-23T16:59:20-06:00
1860457467903135876 2024-11-23T16:56:40-06:00
1860460670296195562 2024-11-23T17:09:24-06:00
1860459249911881885 2024-11-23T17:03:45-06:00
1860462427940241603 2024-11-23T17:16:23-06:00
1860462173878694059 2024-11-23T17:15:22-06:00
1860461924330209393 2024-11-23T17:14:23-06:00
1860461653709455417 2024-11-23T17:13:18-06:00
1860463707735679201 2024-11-23T17:21:28-06:00
1860462586040393809 2024-11-23T17:17:00-06:00
1860467284394856461 2024-11-23T17:35:41-06:00
1860466266789609518 2024-11-23T17:31:38-06:00
1860466168919646451 2024-11-23T17:31:15-06:00
1860469494268743696 2024-11-23T17:44:27-06:00
1860468951064445202 2024-11-23T17:42:18-06:00
1860468899562627163 2024-11-23T17:42:06-06:00
1860470986438545485 2024-11-23T17:50:23-06:00
1860470451887051214 2024-11-23T17:48:16-06:00
1860470244973662249 2024-11-23T17:47:26-06:00
1860469845453676752 2024-11-23T17:45:51-06:00
1860472834566373488 2024-11-23T17:57:44-06:00
1860472480424431680 2024-11-23T17:56:19-06:00
1860472135099031624 2024-11-23T17:54:57-06:00
1860473569219613155 2024-11-23T18:00:39-06:00
1860473152091865582 2024-11-23T17:59:00-06:00
1860476512014639357 2024-11-23T18:12:21-06:00
1860475842800812347 2024-11-23T18:09:41-06:00
1860475501938176117 2024-11-23T18:08:20-06:00
1860477920201851058 2024-11-23T18:17:56-06:00
1860477824571724207 2024-11-23T18:17:34-06:00
1860477104170623123 2024-11-23T18:14:42-06:00
1860476995370455296 2024-11-23T18:14:16-06:00
1860476695725183439 2024-11-23T18:13:04-06:00
1860479603883606132 2024-11-23T18:24:38-06:00
1860478835134718067 2024-11-23T18:21:34-06:00
1860481839904723365 2024-11-23T18:33:31-06:00
1860481614129533165 2024-11-23T18:32:37-06:00
1860481488761794965 2024-11-23T18:32:07-06:00
1860481211623227730 2024-11-23T18:31:01-06:00
1860480721178988828 2024-11-23T18:29:04-06:00
1860480571123642698 2024-11-23T18:28:28-06:00
1860480338704687316 2024-11-23T18:27:33-06:00
1860481968258855263 2024-11-23T18:34:01-06:00
1860484993899807046 2024-11-23T18:46:03-06:00
1860483667308556621 2024-11-23T18:40:47-06:00
1860486940002242582 2024-11-23T18:53:47-06:00
1860486416817426530 2024-11-23T18:51:42-06:00
1860486138554708358 2024-11-23T18:50:36-06:00
1860486079268143275 2024-11-23T18:50:22-06:00
1860485873881547014 2024-11-23T18:49:33-06:00
1860485780499464560 2024-11-23T18:49:10-06:00
1860485552182534363 2024-11-23T18:48:16-06:00
1860488677996089499 2024-11-23T19:00:41-06:00
1860488560601698476 2024-11-23T19:00:13-06:00
1860488491181760542 2024-11-23T18:59:57-06:00
1860488429391302805 2024-11-23T18:59:42-06:00
1860488281466569043 2024-11-23T18:59:07-06:00
1860488200549974467 2024-11-23T18:58:47-06:00
1860488067791900834 2024-11-23T18:58:16-06:00
1860487473014403570 2024-11-23T18:55:54-06:00
1860490221302718793 2024-11-23T19:06:49-06:00
1860490121801306417 2024-11-23T19:06:25-06:00
1860489367099224482 2024-11-23T19:03:25-06:00
1860492056520519778 2024-11-23T19:14:07-06:00
1860491901083754599 2024-11-23T19:13:30-06:00
1860494165517250569 2024-11-23T19:22:30-06:00
1860493899606749297 2024-11-23T19:21:26-06:00
1860493520659742780 2024-11-23T19:19:56-06:00
1860492952755171448 2024-11-23T19:17:40-06:00
1860495373837488200 2024-11-23T19:27:18-06:00
1860494349168943370 2024-11-23T19:23:13-06:00
1860497526769561668 2024-11-23T19:35:51-06:00
1860497175156871588 2024-11-23T19:34:27-06:00
1860496873506676997 2024-11-23T19:33:15-06:00
1860495981499781195 2024-11-23T19:29:42-06:00
1860499015793610961 2024-11-23T19:41:46-06:00
1860498821416988968 2024-11-23T19:41:00-06:00
1860498709743616190 2024-11-23T19:40:33-06:00
1860502987040288977 2024-11-23T19:57:33-06:00
1860504779325128809 2024-11-23T20:04:40-06:00
1860504300079710529 2024-11-23T20:02:46-06:00
1860503392658891187 2024-11-23T19:59:09-06:00
1860505194183745667 2024-11-23T20:06:19-06:00
1860509269134635089 2024-11-23T20:22:31-06:00
1860508864522719354 2024-11-23T20:20:54-06:00
1860511313920754104 2024-11-23T20:30:38-06:00
1860510872377995350 2024-11-23T20:28:53-06:00
1860513510670717220 2024-11-23T20:39:22-06:00
1860513306760315168 2024-11-23T20:38:33-06:00
1860512958234710525 2024-11-23T20:37:10-06:00
1860512112012857806 2024-11-23T20:33:48-06:00
1860514510328438931 2024-11-23T20:43:20-06:00
1860514223010320406 2024-11-23T20:42:12-06:00
1860516134698586394 2024-11-23T20:49:47-06:00
1860515818636734654 2024-11-23T20:48:32-06:00
1860515595986374700 2024-11-23T20:47:39-06:00
1860518755878523123 2024-11-23T21:00:12-06:00
1860518558372856161 2024-11-23T20:59:25-06:00
1860520305896100316 2024-11-23T21:06:22-06:00
1860519828877987930 2024-11-23T21:04:28-06:00
1860521133457436748 2024-11-23T21:09:39-06:00
1860520920302928037 2024-11-23T21:08:48-06:00
1860525913576001554 2024-11-23T21:28:39-06:00
1860525771963662834 2024-11-23T21:28:05-06:00
1860529304813395998 2024-11-23T21:42:07-06:00
1860530890134421850 2024-11-23T21:48:25-06:00
1860530812267233710 2024-11-23T21:48:07-06:00
1860530628346937691 2024-11-23T21:47:23-06:00
1860531300471570872 2024-11-23T21:50:03-06:00
1860540672983601533 2024-11-23T22:27:18-06:00
1860543518202298462 2024-11-23T22:38:36-06:00
1860543365164728528 2024-11-23T22:38:00-06:00
1860543172386128266 2024-11-23T22:37:14-06:00
1860542434637414557 2024-11-23T22:34:18-06:00
1860544798131925333 2024-11-23T22:43:41-06:00
1860544134668517597 2024-11-23T22:41:03-06:00
1860543888844554484 2024-11-23T22:40:04-06:00
1860543718794867075 2024-11-23T22:39:24-06:00
1860545665941799035 2024-11-23T22:47:08-06:00
1860545448932704311 2024-11-23T22:46:16-06:00
1860548756237877445 2024-11-23T22:59:25-06:00
1860548642152808921 2024-11-23T22:58:58-06:00
1860548419867279808 2024-11-23T22:58:05-06:00
1860548206909882664 2024-11-23T22:57:14-06:00
1860548103428014199 2024-11-23T22:56:49-06:00
1860547865132794130 2024-11-23T22:55:53-06:00
1860547729765859511 2024-11-23T22:55:20-06:00
1860550220209356919 2024-11-23T23:05:14-06:00
1860550076357312641 2024-11-23T23:04:40-06:00
1860549853778182560 2024-11-23T23:03:47-06:00
1860549167921398199 2024-11-23T23:01:03-06:00
1860553997398180253 2024-11-23T23:20:15-06:00
1860553109283701104 2024-11-23T23:16:43-06:00
1860553018095337912 2024-11-23T23:16:21-06:00
1860552970041197028 2024-11-23T23:16:10-06:00
1860554903380505002 2024-11-23T23:23:51-06:00
1860554655790694840 2024-11-23T23:22:52-06:00
1860554544549363749 2024-11-23T23:22:25-06:00
1860554260104011896 2024-11-23T23:21:17-06:00
1860556969872126261 2024-11-23T23:32:03-06:00
1860556639742624218 2024-11-23T23:30:45-06:00
1860556336045666338 2024-11-23T23:29:32-06:00
1860556265526821243 2024-11-23T23:29:15-06:00
1860561161453994029 2024-11-23T23:48:43-06:00
1860560668375810520 2024-11-23T23:46:45-06:00
1860560479892177105 2024-11-23T23:46:00-06:00
1860560251709456461 2024-11-23T23:45:06-06:00
1860562114278228088 2024-11-23T23:52:30-06:00
1860561945616875979 2024-11-23T23:51:50-06:00
1860561692331245941 2024-11-23T23:50:49-06:00
1860561500525740430 2024-11-23T23:50:03-06:00
1860561456439394306 2024-11-23T23:49:53-06:00
1860561323169579263 2024-11-23T23:49:21-06:00
1860562997028299045 2024-11-23T23:56:00-06:00
